app/build/intermediates/manifest_merge_blame_file/debug/manifest-merger-blame-debug-report.txt
1<?xml version="1.0" encoding="utf-8"?>
2<manifest xmlns:android="http://schemas.android.com/apk/res/android"
3    package="com.refresh.pos"
4    android:versionCode="1"
5    android:versionName="1.0" >
6
7    <uses-sdk
7-->src/main/AndroidManifest.xml:15:5-47
8        android:minSdkVersion="17"
8-->src/main/AndroidManifest.xml:15:5-47
9        android:targetSdkVersion="26" />
9-->src/main/AndroidManifest.xml:15:15-44
10
11    <uses-permission android:name="android.permission.BLUETOOTH" />
11-->src/main/AndroidManifest.xml:7:5-68
11-->src/main/AndroidManifest.xml:7:22-65
12    <uses-permission android:name="android.permission.INTERNET" />
12-->src/main/AndroidManifest.xml:8:5-66
12-->src/main/AndroidManifest.xml:8:22-64
13    <uses-permission android:name="android.permission.ACCESS_NETWORK_STATE" />
13-->src/main/AndroidManifest.xml:9:5-78
13-->src/main/AndroidManifest.xml:9:22-76
14    <uses-permission android:name="android.permission.WRITE_EXTERNAL_STORAGE" />
14-->src/main/AndroidManifest.xml:10:5-81
14-->src/main/AndroidManifest.xml:10:22-78
15    <uses-permission android:name="android.permission.READ_PHONE_STATE" />
15-->src/main/AndroidManifest.xml:11:5-75
15-->src/main/AndroidManifest.xml:11:22-72
16    <uses-permission android:name="android.permission.READ_EXTERNAL_STORAGE" />
16-->src/main/AndroidManifest.xml:12:5-80
16-->src/main/AndroidManifest.xml:12:22-77
17    <uses-permission android:name="android.permission.INTERNET" />
17-->src/main/AndroidManifest.xml:8:5-66
17-->src/main/AndroidManifest.xml:8:22-64
18    <uses-permission android:name="android.permission.SYSTEM_ALERT_WINDOW" />
18-->[com.sunmi:sunmiui:1.1.27] AndroidManifest.xml:11:5-78
18-->[com.sunmi:sunmiui:1.1.27] AndroidManifest.xml:11:22-75
19
20    <application
20-->src/main/AndroidManifest.xml:17:5-89:19
21        android:name="com.refresh.printerhelper.BaseApp"
21-->src/main/AndroidManifest.xml:18:9-57
22        android:allowBackup="true"
22-->src/main/AndroidManifest.xml:19:9-35
23        android:debuggable="true"
24        android:icon="@drawable/ic_launcher"
24-->src/main/AndroidManifest.xml:20:9-45
25        android:label="@string/app_name"
25-->src/main/AndroidManifest.xml:21:9-41
26        android:supportsRtl="true"
26-->[com.sunmi:sunmiui:1.1.27] AndroidManifest.xml:15:9-35
27        android:testOnly="true"
28        android:theme="@style/AppTheme" >
28-->src/main/AndroidManifest.xml:22:9-40
29        <activity
29-->src/main/AndroidManifest.xml:23:9-26:52
30            android:name="com.refresh.pos.ui.MainActivity"
30-->src/main/AndroidManifest.xml:24:13-44
31            android:label="@string/app_name"
31-->src/main/AndroidManifest.xml:25:13-45
32            android:screenOrientation="portrait" />
32-->src/main/AndroidManifest.xml:26:13-49
33        <activity
33-->src/main/AndroidManifest.xml:27:9-35:20
34            android:name="com.refresh.pos.ui.SplashScreenActivity"
34-->src/main/AndroidManifest.xml:28:13-52
35            android:launchMode="singleTop"
35-->src/main/AndroidManifest.xml:29:13-43
36            android:screenOrientation="portrait" >
36-->src/main/AndroidManifest.xml:30:13-49
37            <intent-filter>
37-->src/main/AndroidManifest.xml:31:13-34:29
38                <action android:name="android.intent.action.MAIN" />
38-->src/main/AndroidManifest.xml:32:17-69
38-->src/main/AndroidManifest.xml:32:25-66
39
40                <category android:name="android.intent.category.LAUNCHER" />
40-->src/main/AndroidManifest.xml:33:17-77
40-->src/main/AndroidManifest.xml:33:27-74
41            </intent-filter>
42        </activity>
43        <activity
43-->src/main/AndroidManifest.xml:36:9-38:52
44            android:name="com.refresh.pos.ui.LoginActivity"
44-->src/main/AndroidManifest.xml:37:13-45
45            android:screenOrientation="portrait" />
45-->src/main/AndroidManifest.xml:38:13-49
46        <activity
46-->src/main/AndroidManifest.xml:39:9-41:52
47            android:name="com.refresh.pos.ui.inventory.ProductDetailActivity"
47-->src/main/AndroidManifest.xml:40:13-63
48            android:screenOrientation="portrait" />
48-->src/main/AndroidManifest.xml:41:13-49
49        <activity
49-->src/main/AndroidManifest.xml:42:9-44:52
50            android:name="org.achartengine.GraphicalActivity"
50-->src/main/AndroidManifest.xml:43:13-62
51            android:screenOrientation="portrait" />
51-->src/main/AndroidManifest.xml:44:13-49
52        <activity
52-->src/main/AndroidManifest.xml:45:9-47:52
53            android:name="com.refresh.pos.ui.sale.SaleDetailActivity"
53-->src/main/AndroidManifest.xml:46:13-55
54            android:screenOrientation="portrait" />
54-->src/main/AndroidManifest.xml:47:13-49
55        <activity android:name="com.refresh.printerhelper.FunctionActivity" />
55-->src/main/AndroidManifest.xml:48:9-49:15
55-->src/main/AndroidManifest.xml:48:19-76
56        <activity
56-->src/main/AndroidManifest.xml:50:9-53:14
57            android:name="com.refresh.printerhelper.SettingActivity"
57-->src/main/AndroidManifest.xml:51:13-69
58            android:parentActivityName="com.refresh.printerhelper.FunctionActivity" />
58-->src/main/AndroidManifest.xml:52:13-84
59        <activity
59-->src/main/AndroidManifest.xml:54:9-57:14
60            android:name="com.refresh.printerhelper.PrinterInfoActivity"
60-->src/main/AndroidManifest.xml:55:13-73
61            android:parentActivityName="com.refresh.printerhelper.SettingActivity" />
61-->src/main/AndroidManifest.xml:56:13-83
62        <activity
62-->src/main/AndroidManifest.xml:58:9-61:15
63            android:name="com.refresh.printerhelper.QrActivity"
63-->src/main/AndroidManifest.xml:59:13-64
64            android:parentActivityName="com.refresh.printerhelper.FunctionActivity" />
64-->src/main/AndroidManifest.xml:60:13-84
65        <activity
65-->src/main/AndroidManifest.xml:63:9-66:15
66            android:name="com.refresh.printerhelper.DemoActivity"
66-->src/main/AndroidManifest.xml:64:13-66
67            android:parentActivityName="com.refresh.printerhelper.FunctionActivity" />
67-->src/main/AndroidManifest.xml:65:13-84
68        <activity
68-->src/main/AndroidManifest.xml:67:9-70:15
69            android:name="com.refresh.printerhelper.TextActivity"
69-->src/main/AndroidManifest.xml:68:13-66
70            android:parentActivityName="com.refresh.printerhelper.FunctionActivity" />
70-->src/main/AndroidManifest.xml:69:13-84
71        <activity
71-->src/main/AndroidManifest.xml:71:9-74:15
72            android:name="com.refresh.printerhelper.BitmapActivity"
72-->src/main/AndroidManifest.xml:72:13-68
73            android:parentActivityName="com.refresh.printerhelper.FunctionActivity" />
73-->src/main/AndroidManifest.xml:73:13-84
74        <activity
74-->src/main/AndroidManifest.xml:75:9-78:15
75            android:name="com.refresh.printerhelper.TableActivity"
75-->src/main/AndroidManifest.xml:76:13-67
76            android:parentActivityName="com.refresh.printerhelper.FunctionActivity" />
76-->src/main/AndroidManifest.xml:77:13-84
77        <activity
77-->src/main/AndroidManifest.xml:79:9-82:15
78            android:name="com.refresh.printerhelper.AllActivity"
78-->src/main/AndroidManifest.xml:80:13-65
79            android:parentActivityName="com.refresh.printerhelper.FunctionActivity" />
79-->src/main/AndroidManifest.xml:81:13-84
80
81        <receiver android:name="com.refresh.pos.NetworkBroadcastReceiver" >
81-->src/main/AndroidManifest.xml:84:9-88:20
81-->src/main/AndroidManifest.xml:84:19-59
82            <intent-filter>
82-->src/main/AndroidManifest.xml:85:13-87:29
83                <action android:name="android.net.conn.CONNECTIVITY_CHANGE" />
83-->src/main/AndroidManifest.xml:86:17-79
83-->src/main/AndroidManifest.xml:86:25-76
84            </intent-filter>
85        </receiver>
86
87        <meta-data
87-->[com.android.support:appcompat-v7:26.1.0] AndroidManifest.xml:26:9-28:38
88            android:name="android.support.VERSION"
88-->[com.android.support:appcompat-v7:26.1.0] AndroidManifest.xml:27:13-51
89            android:value="26.1.0" />
89-->[com.android.support:appcompat-v7:26.1.0] AndroidManifest.xml:28:13-35
90        <meta-data
90-->[android.arch.lifecycle:runtime:1.0.0] AndroidManifest.xml:25:9-27:47
91            android:name="android.arch.lifecycle.VERSION"
91-->[android.arch.lifecycle:runtime:1.0.0] AndroidManifest.xml:26:13-58
92            android:value="27.0.0-SNAPSHOT" />
92-->[android.arch.lifecycle:runtime:1.0.0] AndroidManifest.xml:27:13-44
93    </application>
94
95</manifest>